Using pre-set license
Built from '2020.3/staging' branch; Version is '2020.3.30f1 (1fb1bf06830e) revision 2077119'; Using compiler version '192528614'; Build Type 'Release'
OS: 'Windows 10  (10.0.19042) 64bit Professional' Language: 'tr' Physical Memory: 16216 MB
BatchMode: 1, IsHumanControllingUs: 0, StartBugReporterOnCrash: 0, Is64bit: 1, IsPro: 0

COMMAND LINE ARGUMENTS:
C:\Program Files\Unity\Hub\Editor\2020.3.30f1\Editor\Unity.exe
-adb2
-batchMode
-noUpm
-name
AssetImportWorker0
-projectPath
C:/Users/pc/My project (5)
-logFile
Logs/AssetImportWorker0.log
-srvPort
51064
Successfully changed project path to: C:/Users/pc/My project (5)
C:/Users/pc/My project (5)
Using Asset Import Pipeline V2.
Refreshing native plugins compatible for Editor in 128.75 ms, found 3 plugins.
Preloading 0 native plugins for Editor in 0.00 ms.
Initialize engine version: 2020.3.30f1 (1fb1bf06830e)
[Subsystems] Discovering subsystems at path C:/Program Files/Unity/Hub/Editor/2020.3.30f1/Editor/Data/Resources/UnitySubsystems
[Subsystems] Discovering subsystems at path C:/Users/pc/My project (5)/Assets
GfxDevice: creating device client; threaded=0
Direct3D:
    Version:  Direct3D 11.0 [level 11.1]
    Renderer: NVIDIA GeForce RTX 2060 (ID=0x1f15)
    Vendor:   
    VRAM:     5980 MB
    Driver:   30.0.14.9676
Initialize mono
Mono path[0] = 'C:/Program Files/Unity/Hub/Editor/2020.3.30f1/Editor/Data/Managed'
Mono path[1] = 'C:/Program Files/Unity/Hub/Editor/2020.3.30f1/Editor/Data/MonoBleedingEdge/lib/mono/unityjit'
Mono config path = 'C:/Program Files/Unity/Hub/Editor/2020.3.30f1/Editor/Data/MonoBleedingEdge/etc'
Using monoOptions --debugger-agent=transport=dt_socket,embedding=1,server=y,suspend=n,address=127.0.0.1:56584
Begin MonoManager ReloadAssembly
Registering precompiled unity dll's ...
Register platform support module: C:/Program Files/Unity/Hub/Editor/2020.3.30f1/Editor/Data/PlaybackEngines/WebGLSupport/UnityEditor.WebGL.Extensions.dll
Register platform support module: C:/Program Files/Unity/Hub/Editor/2020.3.30f1/Editor/Data/PlaybackEngines/WindowsStandaloneSupport/UnityEditor.WindowsStandalone.Extensions.dll
Registered in 0.004480 seconds.
Native extension for WindowsStandalone target not found
Native extension for WebGL target not found
Refreshing native plugins compatible for Editor in 116.22 ms, found 3 plugins.
Preloading 0 native plugins for Editor in 0.00 ms.
Mono: successfully reloaded assembly
- Completed reload, in  1.242 seconds
Domain Reload Profiling:
	ReloadAssembly (1242ms)
		BeginReloadAssembly (131ms)
			ExecutionOrderSort (0ms)
			DisableScriptedObjects (0ms)
			BackupInstance (0ms)
			ReleaseScriptingObjects (0ms)
			CreateAndSetChildDomain (2ms)
		EndReloadAssembly (959ms)
			LoadAssemblies (126ms)
			RebuildTransferFunctionScriptingTraits (0ms)
			SetupTypeCache (313ms)
			ReleaseScriptCaches (0ms)
			RebuildScriptCaches (60ms)
			SetupLoadedEditorAssemblies (374ms)
				LogAssemblyErrors (0ms)
				InitializePlatformSupportModulesInManaged (12ms)
				SetLoadedEditorAssemblies (1ms)
				RefreshPlugins (116ms)
				BeforeProcessingInitializeOnLoad (16ms)
				ProcessInitializeOnLoadAttributes (169ms)
				ProcessInitializeOnLoadMethodAttributes (60ms)
				AfterProcessingInitializeOnLoad (0ms)
				EditorAssembliesLoaded (0ms)
			ExecutionOrderSort2 (0ms)
			AwakeInstancesAfterBackupRestoration (0ms)
Platform modules already initialized, skipping
Registering precompiled user dll's ...
Registered in 0.009453 seconds.
Begin MonoManager ReloadAssembly
Native extension for WindowsStandalone target not found
Native extension for WebGL target not found
Refreshing native plugins compatible for Editor in 1.00 ms, found 3 plugins.
Preloading 0 native plugins for Editor in 0.00 ms.
Mono: successfully reloaded assembly
- Completed reload, in  2.314 seconds
Domain Reload Profiling:
	ReloadAssembly (2316ms)
		BeginReloadAssembly (309ms)
			ExecutionOrderSort (0ms)
			DisableScriptedObjects (9ms)
			BackupInstance (0ms)
			ReleaseScriptingObjects (0ms)
			CreateAndSetChildDomain (34ms)
		EndReloadAssembly (1884ms)
			LoadAssemblies (211ms)
			RebuildTransferFunctionScriptingTraits (0ms)
			SetupTypeCache (592ms)
			ReleaseScriptCaches (1ms)
			RebuildScriptCaches (100ms)
			SetupLoadedEditorAssemblies (799ms)
				LogAssemblyErrors (0ms)
				InitializePlatformSupportModulesInManaged (10ms)
				SetLoadedEditorAssemblies (1ms)
				RefreshPlugins (1ms)
				BeforeProcessingInitializeOnLoad (159ms)
				ProcessInitializeOnLoadAttributes (535ms)
				ProcessInitializeOnLoadMethodAttributes (79ms)
				AfterProcessingInitializeOnLoad (13ms)
				EditorAssembliesLoaded (0ms)
			ExecutionOrderSort2 (0ms)
			AwakeInstancesAfterBackupRestoration (13ms)
Platform modules already initialized, skipping
========================================================================
Worker process is ready to serve import requests
Launched and connected shader compiler UnityShaderCompiler.exe after 0.13 seconds
Refreshing native plugins compatible for Editor in 1.43 ms, found 3 plugins.
Preloading 0 native plugins for Editor in 0.00 ms.
Unloading 2749 Unused Serialized files (Serialized files now loaded: 0)
System memory in use before: 108.9 MB.
System memory in use after: 109.1 MB.

Unloading 58 unused Assets to reduce memory usage. Loaded Objects now: 3157.
Total: 11.592300 ms (FindLiveObjects: 0.258700 ms CreateObjectMapping: 0.278900 ms MarkObjects: 10.877000 ms  DeleteObjects: 0.176600 ms)

AssetImportParameters requested are different than current active one (requested -> active):
  custom:framework-win-MediaFoundation: 216162199b28c13a410421893ffa2e32 -> 
  custom:video-decoder-ogg-theora: a1e56fd34408186e4bbccfd4996cb3dc -> 
  custom:container-muxer-webm: aa71ff27fc2769a1b78a27578f13a17b -> 
  custom:container-demuxer-webm: 4f35f7cbe854078d1ac9338744f61a02 -> 
  custom:container-demuxer-ogg: 62fdf1f143b41e24485cea50d1cbac27 -> 
  custom:video-encoder-webm-vp8: eb34c28f22e8b96e1ab97ce403110664 -> 
  custom:video-codec-MediaFoundation-h265: 746d11721c4dcdbdad8f713fa42b33f4 -> 
  custom:video-decoder-webm-vp8: 9c59270c3fd7afecdb556c50c9e8de78 -> 
  custom:audio-decoder-ogg-vorbis: bf7c407c2cedff20999df2af8eb42d56 -> 
  custom:audio-encoder-webm-vorbis: bf7c407c2cedff20999df2af8eb42d56 -> 
========================================================================
Received Import Request.
  path: Assets/saks覺覺.asset
  artifactKey: Guid(eafa0404304881741820a4623b2b90ee) Importer(815301076,1909f56bfc062723c751e8b465ee728b)
Start importing Assets/saks覺覺.asset using Guid(eafa0404304881741820a4623b2b90ee) Importer(815301076,1909f56bfc062723c751e8b465ee728b)  -> (artifact id: 'ad9092225189a2f4245d2af76f8f9551') in 0.198074 seconds 
========================================================================
Received Import Request.
  Time since last request: 0.000455 seconds.
  path: Assets/first.mat
  artifactKey: Guid(45a70e66f74f03e4d9f8cdcb0096295d) Importer(815301076,1909f56bfc062723c751e8b465ee728b)
Start importing Assets/first.mat using Guid(45a70e66f74f03e4d9f8cdcb0096295d) Importer(815301076,1909f56bfc062723c751e8b465ee728b)  -> (artifact id: 'ece74fad4a97c3eb21eb73bba8346829') in 0.069043 seconds 
========================================================================
Received Import Request.
  Time since last request: 0.000496 seconds.
  path: Assets/Cube.fbx
  artifactKey: Guid(5bd90051da46c7645891bba60edea7fb) Importer(815301076,1909f56bfc062723c751e8b465ee728b)
Start importing Assets/Cube.fbx using Guid(5bd90051da46c7645891bba60edea7fb) Importer(815301076,1909f56bfc062723c751e8b465ee728b)  -> (artifact id: '811d17a68d53c6c5d48e881f2ab5e670') in 0.090317 seconds 
========================================================================
Received Import Request.
  Time since last request: 0.000465 seconds.
  path: Assets/Cube.prefab
  artifactKey: Guid(89e70807293d69044bd802060050df06) Importer(815301076,1909f56bfc062723c751e8b465ee728b)
Start importing Assets/Cube.prefab using Guid(89e70807293d69044bd802060050df06) Importer(815301076,1909f56bfc062723c751e8b465ee728b)  -> (artifact id: 'ed7ac265e6ffa050c58509305baea199') in 0.023755 seconds 
========================================================================
Received Import Request.
  Time since last request: 0.000347 seconds.
  path: Assets/black.mat
  artifactKey: Guid(ecd33681161ece34e8212a8e339d1e0a) Importer(815301076,1909f56bfc062723c751e8b465ee728b)
Start importing Assets/black.mat using Guid(ecd33681161ece34e8212a8e339d1e0a) Importer(815301076,1909f56bfc062723c751e8b465ee728b)  -> (artifact id: '871c05ff94c7b7146235dc3e586fe5e2') in 0.021260 seconds 
========================================================================
Received Import Request.
  Time since last request: 0.000351 seconds.
  path: Assets/window.fbx
  artifactKey: Guid(1c37ef74f00ae524cb2ac533fb3124c3) Importer(815301076,1909f56bfc062723c751e8b465ee728b)
Start importing Assets/window.fbx using Guid(1c37ef74f00ae524cb2ac533fb3124c3) Importer(815301076,1909f56bfc062723c751e8b465ee728b)  -> (artifact id: '419fb0ebe42ed1e2536de1a78e056c25') in 0.075662 seconds 
========================================================================
Received Import Request.
  Time since last request: 86.441668 seconds.
  path: Assets/toprak.asset
  artifactKey: Guid(ed83a5dc7be9ee04cbbb733db077657b) Importer(815301076,1909f56bfc062723c751e8b465ee728b)
Start importing Assets/toprak.asset using Guid(ed83a5dc7be9ee04cbbb733db077657b) Importer(815301076,1909f56bfc062723c751e8b465ee728b)  -> (artifact id: '7da2eab5fea7ba0ed73b323ccc8ee3cb') in 0.019616 seconds 
========================================================================
Received Import Request.
  Time since last request: 541.741812 seconds.
  path: Assets/materials
  artifactKey: Guid(0f95262fd64ff9f4e864b5875ef20a9f) Importer(815301076,1909f56bfc062723c751e8b465ee728b)
Start importing Assets/materials using Guid(0f95262fd64ff9f4e864b5875ef20a9f) Importer(815301076,1909f56bfc062723c751e8b465ee728b)  -> (artifact id: '5a4f458e9843d9a8a8ceb43923a7ab96') in 0.008971 seconds 
========================================================================
Received Import Request.
  Time since last request: 0.338761 seconds.
  path: Assets/Resources
  artifactKey: Guid(21d15615775f0fe438730e221ad892eb) Importer(815301076,1909f56bfc062723c751e8b465ee728b)
Start importing Assets/Resources using Guid(21d15615775f0fe438730e221ad892eb) Importer(815301076,1909f56bfc062723c751e8b465ee728b)  -> (artifact id: 'bc0b549d3ed848d41fcf216f3f123381') in 0.010253 seconds 
========================================================================
Received Import Request.
  Time since last request: 0.146791 seconds.
  path: Assets/Scenes
  artifactKey: Guid(f121fc247656509449607c6a1fdf8ac7) Importer(815301076,1909f56bfc062723c751e8b465ee728b)
Start importing Assets/Scenes using Guid(f121fc247656509449607c6a1fdf8ac7) Importer(815301076,1909f56bfc062723c751e8b465ee728b)  -> (artifact id: '811d3075ef3fc79ec7f5a63bb6a26190') in 0.007554 seconds 
========================================================================
Received Import Request.
  Time since last request: 19.569669 seconds.
  path: Packages/com.unity.analytics/DataPrivacy/DataPrivacyButton.prefab
  artifactKey: Guid(71b11355001648444b41d17fd36c150d) Importer(815301076,1909f56bfc062723c751e8b465ee728b)
Start importing Packages/com.unity.analytics/DataPrivacy/DataPrivacyButton.prefab using Guid(71b11355001648444b41d17fd36c150d) Importer(815301076,1909f56bfc062723c751e8b465ee728b)  -> (artifact id: '29afed4e068a0e8b5a16db570a537112') in 0.117316 seconds 
========================================================================
Received Import Request.
  Time since last request: 0.000695 seconds.
  path: Packages/com.unity.xr.legacyinputhelpers/Prefabs/XRRig.prefab
  artifactKey: Guid(c116b7497ab8ca34c9188965d4295e27) Importer(815301076,1909f56bfc062723c751e8b465ee728b)
Start importing Packages/com.unity.xr.legacyinputhelpers/Prefabs/XRRig.prefab using Guid(c116b7497ab8ca34c9188965d4295e27) Importer(815301076,1909f56bfc062723c751e8b465ee728b)  -> (artifact id: '53e5402df3ba6997afeb4e074ac5eb80') in 0.042784 seconds 
========================================================================
Received Import Request.
  Time since last request: 0.182306 seconds.
  path: Packages/com.unity.probuilder/Content/Material/Checker.mat
  artifactKey: Guid(4717b199010ca4cb3a8a7a465ec457d2) Importer(815301076,1909f56bfc062723c751e8b465ee728b)
Start importing Packages/com.unity.probuilder/Content/Material/Checker.mat using Guid(4717b199010ca4cb3a8a7a465ec457d2) Importer(815301076,1909f56bfc062723c751e8b465ee728b)  -> (artifact id: '1e9cc05b182fa831cd6c3345592eb77b') in 0.541414 seconds 
========================================================================
Received Import Request.
  Time since last request: 0.000812 seconds.
  path: Packages/com.unity.probuilder/Content/Resources/Materials/FacePicker.mat
  artifactKey: Guid(5695904020f064fdab5ad265b274a616) Importer(815301076,1909f56bfc062723c751e8b465ee728b)
Start importing Packages/com.unity.probuilder/Content/Resources/Materials/FacePicker.mat using Guid(5695904020f064fdab5ad265b274a616) Importer(815301076,1909f56bfc062723c751e8b465ee728b)  -> (artifact id: '2f70878b45adf3d082628ad7d5ad9c24') in 0.047145 seconds 
========================================================================
Received Import Request.
  Time since last request: 0.000687 seconds.
  path: Packages/com.unity.progrids/Font/Asap-Medium-ProGrids.otf
  artifactKey: Guid(8c2220bd5fd560c4297e93c4c66a2ba8) Importer(815301076,1909f56bfc062723c751e8b465ee728b)
Start importing Packages/com.unity.progrids/Font/Asap-Medium-ProGrids.otf using Guid(8c2220bd5fd560c4297e93c4c66a2ba8) Importer(815301076,1909f56bfc062723c751e8b465ee728b)  -> (artifact id: '2de11280cf9a24e66c51882d334b82cd') in 0.126090 seconds 
========================================================================
Received Import Request.
  Time since last request: 0.000771 seconds.
  path: Packages/com.unity.probuilder/Content/Resources/Materials/EdgePickerHDRP.mat
  artifactKey: Guid(980c24c5a501a9a429356d191ad356a9) Importer(815301076,1909f56bfc062723c751e8b465ee728b)
Start importing Packages/com.unity.probuilder/Content/Resources/Materials/EdgePickerHDRP.mat using Guid(980c24c5a501a9a429356d191ad356a9) Importer(815301076,1909f56bfc062723c751e8b465ee728b)  -> (artifact id: '0c175e8bfe75860b542cac7b9bba7728') in 0.063845 seconds 
========================================================================
Received Import Request.
  Time since last request: 0.000690 seconds.
  path: Packages/com.unity.probuilder/Content/Resources/Materials/EdgePicker.mat
  artifactKey: Guid(4ff996e3a0a5743a3987ab6231160665) Importer(815301076,1909f56bfc062723c751e8b465ee728b)
Start importing Packages/com.unity.probuilder/Content/Resources/Materials/EdgePicker.mat using Guid(4ff996e3a0a5743a3987ab6231160665) Importer(815301076,1909f56bfc062723c751e8b465ee728b)  -> (artifact id: 'dd28d434726e9e97d045a08030b0203f') in 0.069833 seconds 
========================================================================
Received Import Request.
  Time since last request: 0.000728 seconds.
  path: Packages/com.unity.probuilder/Content/Resources/Materials/Collider.mat
  artifactKey: Guid(bbb235fff4f48426b863b36058ab66d2) Importer(815301076,1909f56bfc062723c751e8b465ee728b)
Start importing Packages/com.unity.probuilder/Content/Resources/Materials/Collider.mat using Guid(bbb235fff4f48426b863b36058ab66d2) Importer(815301076,1909f56bfc062723c751e8b465ee728b)  -> (artifact id: '44a42be3d3ff4523c0a6370be823cc43') in 0.197309 seconds 
========================================================================
Received Import Request.
  Time since last request: 0.000715 seconds.
  path: Packages/com.unity.probuilder/Content/Resources/Materials/InvisibleFace.mat
  artifactKey: Guid(978bbcf5050244f1b95128c04103f628) Importer(815301076,1909f56bfc062723c751e8b465ee728b)
Start importing Packages/com.unity.probuilder/Content/Resources/Materials/InvisibleFace.mat using Guid(978bbcf5050244f1b95128c04103f628) Importer(815301076,1909f56bfc062723c751e8b465ee728b)  -> (artifact id: '6d1d76733010469944841b9ed426a584') in 0.072334 seconds 
========================================================================
Received Import Request.
  Time since last request: 0.000721 seconds.
  path: Packages/com.unity.progrids/Font/Asap-Regular-ProGrids.otf
  artifactKey: Guid(79008363f1983ec4088c4588c6f0a7aa) Importer(815301076,1909f56bfc062723c751e8b465ee728b)
Start importing Packages/com.unity.progrids/Font/Asap-Regular-ProGrids.otf using Guid(79008363f1983ec4088c4588c6f0a7aa) Importer(815301076,1909f56bfc062723c751e8b465ee728b)  -> (artifact id: '5e4743bf22453b7d23f0ea384d0b07cc') in 0.077812 seconds 
========================================================================
Received Import Request.
  Time since last request: 0.000708 seconds.
  path: Packages/com.unity.probuilder/Content/Resources/Materials/FacePickerHDRP.mat
  artifactKey: Guid(a53ef0dd76f2fe74eb5f43267d7c0195) Importer(815301076,1909f56bfc062723c751e8b465ee728b)
Start importing Packages/com.unity.probuilder/Content/Resources/Materials/FacePickerHDRP.mat using Guid(a53ef0dd76f2fe74eb5f43267d7c0195) Importer(815301076,1909f56bfc062723c751e8b465ee728b)  -> (artifact id: '2b3a98f947b9445050f05ee155da7b12') in 0.060373 seconds 
========================================================================
Received Import Request.
  Time since last request: 174.525909 seconds.
  path: Assets/seed.asset
  artifactKey: Guid(513a883c2eeebdb4c9b5c72134fa2136) Importer(815301076,1909f56bfc062723c751e8b465ee728b)
Start importing Assets/seed.asset using Guid(513a883c2eeebdb4c9b5c72134fa2136) Importer(815301076,1909f56bfc062723c751e8b465ee728b)  -> (artifact id: 'b801936b7d12fa992d9f92907dc1c21c') in 0.046392 seconds 
========================================================================
Received Import Request.
  Time since last request: 102.746677 seconds.
  path: Assets/New Material 5.mat
  artifactKey: Guid(594f1cd17b45c554ea85f662d9a57483) Importer(815301076,1909f56bfc062723c751e8b465ee728b)
Start importing Assets/New Material 5.mat using Guid(594f1cd17b45c554ea85f662d9a57483) Importer(815301076,1909f56bfc062723c751e8b465ee728b)  -> (artifact id: '10c55a1c58e47d6a35a499bbd96d0dc1') in 0.022328 seconds 
========================================================================
Received Import Request.
  Time since last request: 538.442671 seconds.
  path: Assets/New Material 3.mat
  artifactKey: Guid(096815e2f6716ab4d8bb4e959aadf51d) Importer(815301076,1909f56bfc062723c751e8b465ee728b)
Start importing Assets/New Material 3.mat using Guid(096815e2f6716ab4d8bb4e959aadf51d) Importer(815301076,1909f56bfc062723c751e8b465ee728b)  -> (artifact id: '12f46259d1f572b909ab73f5e9e31783') in 0.037767 seconds 
========================================================================
Received Import Request.
  Time since last request: 0.000624 seconds.
  path: Assets/New Material 4.mat
  artifactKey: Guid(583b529681285864fa9e2384bd849707) Importer(815301076,1909f56bfc062723c751e8b465ee728b)
Start importing Assets/New Material 4.mat using Guid(583b529681285864fa9e2384bd849707) Importer(815301076,1909f56bfc062723c751e8b465ee728b)  -> (artifact id: '58eaf7f8c777511ed3726e5c2d50fd8a') in 0.032168 seconds 
AssetImportWorkerClient::OnTransportError - code=2 error=End of file
